c:\users\franc\desktop\cppprojects\learngl\learngl\x64\debug\vc143.pdb
c:\users\franc\desktop\cppprojects\learngl\learngl\x64\debug\vc143.idb
c:\users\franc\desktop\cppprojects\learngl\learngl\x64\debug\learngl.obj
c:\users\franc\desktop\cppprojects\learngl\learngl\x64\debug\learngl.ilk
c:\users\franc\desktop\cppprojects\learngl\x64\debug\learngl.pdb
c:\users\franc\desktop\cppprojects\learngl\learngl\x64\debug\learngl.tlog\cl.command.1.tlog
c:\users\franc\desktop\cppprojects\learngl\learngl\x64\debug\learngl.tlog\cl.items.tlog
c:\users\franc\desktop\cppprojects\learngl\learngl\x64\debug\learngl.tlog\cl.read.1.tlog
c:\users\franc\desktop\cppprojects\learngl\learngl\x64\debug\learngl.tlog\cl.write.1.tlog
c:\users\franc\desktop\cppprojects\learngl\learngl\x64\debug\learngl.tlog\link-cvtres.read.1.tlog
c:\users\franc\desktop\cppprojects\learngl\learngl\x64\debug\learngl.tlog\link-cvtres.write.1.tlog
c:\users\franc\desktop\cppprojects\learngl\learngl\x64\debug\learngl.tlog\link-rc.read.1.tlog
c:\users\franc\desktop\cppprojects\learngl\learngl\x64\debug\learngl.tlog\link-rc.write.1.tlog
c:\users\franc\desktop\cppprojects\learngl\learngl\x64\debug\learngl.tlog\link.5680-cvtres.read.1.tlog
c:\users\franc\desktop\cppprojects\learngl\learngl\x64\debug\learngl.tlog\link.5680-cvtres.write.1.tlog
c:\users\franc\desktop\cppprojects\learngl\learngl\x64\debug\learngl.tlog\link.5680-rc.read.1.tlog
c:\users\franc\desktop\cppprojects\learngl\learngl\x64\debug\learngl.tlog\link.5680-rc.write.1.tlog
c:\users\franc\desktop\cppprojects\learngl\learngl\x64\debug\learngl.tlog\link.5680.read.1.tlog
c:\users\franc\desktop\cppprojects\learngl\learngl\x64\debug\learngl.tlog\link.5680.read.2.tlog
c:\users\franc\desktop\cppprojects\learngl\learngl\x64\debug\learngl.tlog\link.5680.read.3.tlog
c:\users\franc\desktop\cppprojects\learngl\learngl\x64\debug\learngl.tlog\link.5680.read.4.tlog
c:\users\franc\desktop\cppprojects\learngl\learngl\x64\debug\learngl.tlog\link.5680.write.1.tlog
c:\users\franc\desktop\cppprojects\learngl\learngl\x64\debug\learngl.tlog\link.command.1.tlog
c:\users\franc\desktop\cppprojects\learngl\learngl\x64\debug\learngl.tlog\link.read.1.tlog
c:\users\franc\desktop\cppprojects\learngl\learngl\x64\debug\learngl.tlog\link.read.2.tlog
c:\users\franc\desktop\cppprojects\learngl\learngl\x64\debug\learngl.tlog\link.read.3.tlog
c:\users\franc\desktop\cppprojects\learngl\learngl\x64\debug\learngl.tlog\link.read.4.tlog
c:\users\franc\desktop\cppprojects\learngl\learngl\x64\debug\learngl.tlog\link.secondary.1.tlog
c:\users\franc\desktop\cppprojects\learngl\learngl\x64\debug\learngl.tlog\link.write.1.tlog
